[17:58:32] [main/INFO] (FabricLoader/GameProvider) Loading Minecraft 1.21.1 with Fabric Loader 0.16.12
[17:58:32] [main/INFO] (FabricLoader) Loading 67 mods:
	- adventurez 1.4.24
	- cloth-config 15.0.140
	   \-- cloth-basic-math 0.6.1
	- dehydration 1.3.8
	- environmentz 2.0.9
	- fabric-api 0.115.4+1.21.1
	- fabric-api-base 0.4.42+6573ed8c19
	- fabric-api-lookup-api-v1 1.6.70+b559734419
	- fabric-biome-api-v1 13.0.31+d527f9fd19
	- fabric-block-api-v1 1.0.22+0af3f5a719
	- fabric-block-view-api-v2 1.0.11+ebb2264e19
	- fabric-blockrenderlayer-v1 1.1.52+0af3f5a719
	- fabric-client-tags-api-v1 1.1.15+6573ed8c19
	- fabric-command-api-v1 1.2.49+f71b366f19
	- fabric-command-api-v2 2.2.28+6ced4dd919
	- fabric-commands-v0 0.2.66+df3654b319
	- fabric-content-registries-v0 8.0.18+b559734419
	- fabric-convention-tags-v1 2.1.4+7f945d5b19
	- fabric-convention-tags-v2 2.11.0+a406e79519
	- fabric-crash-report-info-v1 0.2.29+0af3f5a719
	- fabric-data-attachment-api-v1 1.4.1+9ed317f519
	- fabric-data-generation-api-v1 20.2.28+16c4ae2519
	- fabric-dimensions-v1 4.0.0+6fc22b9919
	- fabric-entity-events-v1 1.7.0+2122d82819
	- fabric-events-interaction-v0 0.7.13+ba9dae0619
	- fabric-game-rule-api-v1 1.0.53+6ced4dd919
	- fabric-gametest-api-v1 2.0.5+6fc22b9919
	- fabric-item-api-v1 11.1.1+d5debaed19
	- fabric-item-group-api-v1 4.1.7+def88e3a19
	- fabric-key-binding-api-v1 1.0.47+0af3f5a719
	- fabric-keybindings-v0 0.2.45+df3654b319
	- fabric-lifecycle-events-v1 2.5.0+01d9a51c19
	- fabric-loot-api-v2 3.0.15+3f89f5a519
	- fabric-loot-api-v3 1.0.3+3f89f5a519
	- fabric-message-api-v1 6.0.13+6573ed8c19
	- fabric-model-loading-api-v1 2.0.0+fe474d6b19
	- fabric-networking-api-v1 4.3.0+c7469b2119
	- fabric-object-builder-api-v1 15.2.1+40875a9319
	- fabric-particles-v1 4.0.2+6573ed8c19
	- fabric-recipe-api-v1 5.0.14+248df81c19
	- fabric-registry-sync-v0 5.2.0+34f5d91419
	- fabric-renderer-api-v1 3.4.0+c705a49c19
	- fabric-renderer-indigo 1.7.0+c705a49c19
	- fabric-renderer-registries-v1 3.2.68+df3654b319
	- fabric-rendering-data-attachment-v1 0.3.49+73761d2e19
	- fabric-rendering-fluids-v1 3.1.6+1daea21519
	- fabric-rendering-v0 1.1.71+df3654b319
	- fabric-rendering-v1 5.0.5+df16efd019
	- fabric-resource-conditions-api-v1 4.3.0+8dc279b119
	- fabric-resource-loader-v0 1.3.1+5b5275af19
	- fabric-screen-api-v1 2.0.25+8b68f1c719
	- fabric-screen-handler-api-v1 1.3.88+b559734419
	- fabric-sound-api-v1 1.0.23+6573ed8c19
	- fabric-transfer-api-v1 5.4.2+c24bd99419
	- fabric-transitive-access-wideners-v1 6.2.0+45b9699719
	- fabricloader 0.16.12
	- java 21
	- lavender 0.1.15+1.21
	- lavender-md 0.1.2+1.21
	- lavender-md-owo-ui 0.1.2+1.21
	- minecraft 1.21.1
	- mixinextras 0.4.1
	- modmenu 11.0.3
	- owo 0.12.15.1+1.21
	- placeholder-api 2.4.2+1.21
	- satin 2.0.0
	- valor_core 1.0-SNAPSHOT
[17:58:34] [main/INFO] (FabricLoader/Mixin) SpongePowered MIXIN Subsystem Version=0.8.7 Source=file:/Users/thrasos/.gradle/caches/modules-2/files-2.1/net.fabricmc/sponge-mixin/0.15.4+mixin.0.8.7/6a12aacc794f1078458433116e9ed42c1cc98096/sponge-mixin-0.15.4+mixin.0.8.7.jar Service=Knot/Fabric Env=CLIENT
[17:58:34] [main/INFO] (FabricLoader/Mixin) Loaded Fabric development mappings for mixin remapper!
[17:58:34] [main/INFO] (FabricLoader/Mixin) Compatibility level set to JAVA_17
[17:58:34] [main/INFO] (FabricLoader/Mixin) Compatibility level set to JAVA_21
[17:58:34] [main/WARN] (FabricLoader/Mixin) Error loading class: xyz/nucleoid/server/translations/impl/language/SystemDelegatedLanguage (java.lang.ClassNotFoundException: xyz/nucleoid/server/translations/impl/language/SystemDelegatedLanguage)
[17:58:35] [main/WARN] (FabricLoader/Mixin) Error loading class: org/jetbrains/annotations/ApiStatus$Internal (java.lang.ClassNotFoundException: org/jetbrains/annotations/ApiStatus$Internal)
[17:58:35] [main/INFO] (FabricLoader/MixinExtras|Service) Initializing MixinExtras via com.llamalad7.mixinextras.service.MixinExtrasServiceImpl(version=0.4.1).
[17:58:35] [Datafixer Bootstrap/INFO] (Minecraft) 226 Datafixer optimizations took 131 milliseconds
[17:58:37] [main/WARN] (FabricLoader/Mixin) Method overwrite conflict for compatSync in environmentz.mixins.json:ServerPlayerEntityMixin from mod environmentz, previously written by net.dehydration.mixin.ServerPlayerEntityMixin. Skipping method.
[17:58:38] [Render thread/WARN] (FabricLoader/Mixin) Error loading class: org/quiltmc/loader/impl/game/minecraft/Hooks (java.lang.ClassNotFoundException: org/quiltmc/loader/impl/game/minecraft/Hooks)
[17:58:38] [Render thread/INFO] (Minecraft) Environment: Environment[sessionHost=https://sessionserver.mojang.com, servicesHost=https://api.minecraftservices.com, name=PROD]
[17:58:38] [Render thread/INFO] (Minecraft) Setting user: Player86
[17:58:38] [Render thread/INFO] (owo) Maybe we take a page out of the Wisp Forest handbook: When in doubt, steal glisco's code
[17:58:38] [Render thread/INFO] (valor_core) Initialising Valor Core
[17:58:38] [Render thread/INFO] (Indigo) [Indigo] Registering Indigo renderer!
[17:58:38] [Render thread/INFO] (valor_core) Registering creative mode tabs
[17:58:38] [Render thread/INFO] (valor_core) Registering items
[17:58:38] [Render thread/INFO] (Mod Menu/Update Checker) Checking mod updates...
[17:58:38] [Render thread/INFO] (owo) Services frozen by 'net.minecraft.client.Minecraft'
[17:58:39] [Render thread/INFO] (Minecraft) Backend library: LWJGL version 3.3.3-snapshot
[17:58:39] [Render thread/INFO] (Minecraft) Reloading ResourceManager: vanilla, fabric, adventurez, cloth-config, dehydration, environmentz, fabric-api, fabric-api-base, fabric-api-lookup-api-v1, fabric-biome-api-v1, fabric-block-api-v1, fabric-block-view-api-v2, fabric-blockrenderlayer-v1, fabric-client-tags-api-v1, fabric-command-api-v1, fabric-command-api-v2, fabric-commands-v0, fabric-content-registries-v0, fabric-convention-tags-v1, fabric-convention-tags-v2, fabric-crash-report-info-v1, fabric-data-attachment-api-v1, fabric-data-generation-api-v1, fabric-dimensions-v1, fabric-entity-events-v1, fabric-events-interaction-v0, fabric-game-rule-api-v1, fabric-gametest-api-v1, fabric-item-api-v1, fabric-item-group-api-v1, fabric-key-binding-api-v1, fabric-keybindings-v0, fabric-lifecycle-events-v1, fabric-loot-api-v2, fabric-loot-api-v3, fabric-message-api-v1, fabric-model-loading-api-v1, fabric-networking-api-v1, fabric-object-builder-api-v1, fabric-particles-v1, fabric-recipe-api-v1, fabric-registry-sync-v0, fabric-renderer-api-v1, fabric-renderer-indigo, fabric-renderer-registries-v1, fabric-rendering-data-attachment-v1, fabric-rendering-fluids-v1, fabric-rendering-v0, fabric-rendering-v1, fabric-resource-conditions-api-v1, fabric-resource-loader-v0, fabric-screen-api-v1, fabric-screen-handler-api-v1, fabric-sound-api-v1, fabric-transfer-api-v1, fabric-transitive-access-wideners-v1, fabricloader, lavender, lavender-md, modmenu, owo, placeholder-api, satin, valor_core, file/Ashen_16x.zip
[17:58:40] [Worker-Main-6/INFO] (Minecraft) Found unifont_all_no_pua-15.1.05.hex, loading
[17:58:40] [Worker-Main-6/INFO] (Minecraft) Found unifont_jp_patch-15.1.05.hex, loading
[17:58:40] [Worker-Main-5/WARN] (Minecraft) Unused frames in sprite minecraft:block/cyan_glazed_terracotta_e: [4, 5]
[17:58:40] [Worker-Main-5/WARN] (Minecraft) Unused frames in sprite minecraft:block/cyan_glazed_terracotta: [4, 5]
[17:58:40] [Worker-Main-6/WARN] (Minecraft) Unable to load model: 'incendium:item/lunacy' referenced from: minecraft:item/soul_torch: java.io.FileNotFoundException: incendium:models/item/lunacy.json
[17:58:40] [Worker-Main-6/WARN] (Minecraft) Unable to load model: 'incendium:item/chilling' referenced from: minecraft:item/diamond_sword: java.io.FileNotFoundException: incendium:models/item/chilling.json
[17:58:40] [Worker-Main-6/WARN] (Minecraft) Unable to load model: 'incendium:item/vampire' referenced from: minecraft:item/netherite_sword: java.io.FileNotFoundException: incendium:models/item/vampire.json
[17:58:40] [Worker-Main-6/WARN] (Minecraft) Unable to load model: 'incendium:item/patron/witherblade' referenced from: minecraft:item/netherite_sword: java.io.FileNotFoundException: incendium:models/item/patron/witherblade.json
[17:58:40] [Worker-Main-6/WARN] (Minecraft) Unable to load model: 'incendium:item/patron/daybreaker' referenced from: minecraft:item/netherite_sword: java.io.FileNotFoundException: incendium:models/item/patron/daybreaker.json
[17:58:40] [Worker-Main-6/WARN] (Minecraft) Unable to load model: 'incendium:item/sacrifice' referenced from: minecraft:item/netherite_sword: java.io.FileNotFoundException: incendium:models/item/sacrifice.json
[17:58:41] [Render thread/WARN] (Minecraft) Missing sound for event: minecraft:item.goat_horn.play
[17:58:41] [Render thread/WARN] (Minecraft) Missing sound for event: minecraft:entity.goat.screaming.horn_break
[17:58:41] [Render thread/INFO] (Minecraft) OpenAL initialized on device Thrasos’ AirPods Pro
[17:58:41] [Render thread/INFO] (Minecraft) Sound engine started
[17:58:41] [Render thread/INFO] (Minecraft) Created: 1024x1024x4 minecraft:textures/atlas/blocks.png-atlas
[17:58:41] [Render thread/INFO] (Minecraft) Created: 256x256x4 minecraft:textures/atlas/signs.png-atlas
[17:58:41] [Render thread/INFO] (Minecraft) Created: 512x512x4 minecraft:textures/atlas/shield_patterns.png-atlas
[17:58:41] [Render thread/INFO] (Minecraft) Created: 512x512x4 minecraft:textures/atlas/banner_patterns.png-atlas
[17:58:41] [Render thread/INFO] (Minecraft) Created: 1024x1024x4 minecraft:textures/atlas/armor_trims.png-atlas
[17:58:41] [Render thread/INFO] (Minecraft) Created: 256x256x4 minecraft:textures/atlas/chest.png-atlas
[17:58:41] [Render thread/INFO] (Minecraft) Created: 128x64x4 minecraft:textures/atlas/decorated_pot.png-atlas
[17:58:41] [Render thread/INFO] (Minecraft) Created: 512x256x4 minecraft:textures/atlas/shulker_boxes.png-atlas
[17:58:41] [Render thread/INFO] (Minecraft) Created: 512x256x4 minecraft:textures/atlas/beds.png-atlas
[17:58:41] [Render thread/INFO] (Minecraft) Created: 512x256x0 minecraft:textures/atlas/particles.png-atlas
[17:58:41] [Render thread/INFO] (Minecraft) Created: 512x256x0 minecraft:textures/atlas/paintings.png-atlas
[17:58:41] [Render thread/INFO] (Minecraft) Created: 256x128x0 minecraft:textures/atlas/mob_effects.png-atlas
[17:58:41] [Render thread/INFO] (Minecraft) Created: 64x64x0 minecraft:textures/atlas/map_decorations.png-atlas
[17:58:41] [Render thread/INFO] (Minecraft) Created: 1024x512x0 minecraft:textures/atlas/gui.png-atlas
[17:58:41] [Render thread/WARN] (Minecraft) Shader rendertype_entity_translucent_emissive could not find sampler named Sampler2 in the specified shader program.
[17:58:51] [Render thread/INFO] (Minecraft) Found new data pack adventurez, loading it automatically
[17:58:52] [Render thread/INFO] (Minecraft) Loaded 1351 recipes
[17:58:52] [Render thread/INFO] (Minecraft) Loaded 1431 advancements
[17:58:52] [Render thread/INFO] (BiomeModificationImpl) Applied 30 biome modifications to 26 of 64 new biomes in 3.704 ms
[17:58:52] [Server thread/INFO] (Minecraft) Starting integrated minecraft server version 1.21.1
[17:58:52] [Server thread/INFO] (Minecraft) Generating keypair
[17:58:53] [Server thread/INFO] (Minecraft) Preparing start region for dimension minecraft:overworld
[17:58:53] [Render thread/INFO] (Minecraft) Time elapsed: 39 ms
[17:58:53] [Server thread/WARN] (TranslationConventionLogWarnings) 
	Dev warning - Untranslated Item Tags detected. Please translate your item tags so other mods such as recipe viewers can properly display your tag's name.
	The format desired is tag.item.<namespace>.<path> for the translation key with slashes in path turned into periods.
	To disable this message, set this system property in your runs: `-Dfabric-tag-conventions-v2.missingTagTranslationWarning=SILENCED`.
	To see individual untranslated item tags found, set the system property to `-Dfabric-tag-conventions-v2.missingTagTranslationWarning=VERBOSE`.
	Default is `SHORT`.

[17:58:53] [Server thread/INFO] (Minecraft) Changing view distance to 12, from 10
[17:58:53] [Server thread/INFO] (Minecraft) Changing simulation distance to 12, from 0
[17:58:54] [Server thread/INFO] (Minecraft) Player86[local:E:d30febb9] logged in with entity id 76 at (427.6361760490982, 70.0, 315.7570745083289)
[17:58:54] [Server thread/INFO] (Minecraft) Player86 joined the game
[17:58:54] [Render thread/WARN] (Lavender) Could not load entry 'valor_core:first_steps/first_tools'
com.google.gson.JsonSyntaxException: Invalid item stack: 'notreepunching:flint_knife'
	at knot/io.wispforest.lavender.book.BookContentLoader.itemStackFromString(BookContentLoader.java:290) ~[lavender-0.1.15+1.21.jar:?]
	at knot/io.wispforest.lavender.book.BookContentLoader.getIcon(BookContentLoader.java:251) ~[lavender-0.1.15+1.21.jar:?]
	at knot/io.wispforest.lavender.book.BookContentLoader.lambda$reloadContents$1(BookContentLoader.java:100) ~[lavender-0.1.15+1.21.jar:?]
	at knot/io.wispforest.lavender.book.BookContentLoader.lambda$forResourceOfBook$6(BookContentLoader.java:186) ~[lavender-0.1.15+1.21.jar:?]
	at java.base/java.util.HashMap.forEach(HashMap.java:1429) ~[?:?]
	at knot/io.wispforest.lavender.book.BookContentLoader.forResourceOfBook(BookContentLoader.java:184) ~[lavender-0.1.15+1.21.jar:?]
	at knot/io.wispforest.lavender.book.BookContentLoader.reloadContents(BookContentLoader.java:84) ~[lavender-0.1.15+1.21.jar:?]
	at knot/io.wispforest.lavender.client.LavenderClient.lambda$onInitializeClient$2(LavenderClient.java:70) ~[lavender-0.1.15+1.21.jar:?]
	at knot/net.fabricmc.fabric.api.client.networking.v1.ClientPlayConnectionEvents.lambda$static$2(ClientPlayConnectionEvents.java:50) ~[fabric-networking-api-v1-4.3.0+c7469b2119.jar:?]
	at knot/net.fabricmc.fabric.impl.networking.client.ClientPlayNetworkAddon.onServerReady(ClientPlayNetworkAddon.java:60) ~[fabric-networking-api-v1-4.3.0+c7469b2119.jar:?]
	at knot/net.minecraft.client.multiplayer.ClientPacketListener.handler$bea000$fabric-networking-api-v1$handleServerPlayReady(ClientPacketListener.java:3145) ~[minecraft-merged-8b89a9540b-1.21.1-loom.mappings.1_21_1.layered+hash.2198-v2.jar:?]
	at knot/net.minecraft.client.multiplayer.ClientPacketListener.handleLogin(ClientPacketListener.java:458) ~[minecraft-merged-8b89a9540b-1.21.1-loom.mappings.1_21_1.layered+hash.2198-v2.jar:?]
	at knot/net.minecraft.network.protocol.game.ClientboundLoginPacket.handle(ClientboundLoginPacket.java:67) ~[minecraft-merged-8b89a9540b-1.21.1-loom.mappings.1_21_1.layered+hash.2198-v2.jar:?]
	at knot/net.minecraft.network.protocol.game.ClientboundLoginPacket.handle(ClientboundLoginPacket.java) ~[minecraft-merged-8b89a9540b-1.21.1-loom.mappings.1_21_1.layered+hash.2198-v2.jar:?]
	at knot/net.minecraft.network.protocol.PacketUtils.method_11072(PacketUtils.java:27) ~[minecraft-merged-8b89a9540b-1.21.1-loom.mappings.1_21_1.layered+hash.2198-v2.jar:?]
	at knot/net.minecraft.util.thread.BlockableEventLoop.doRunTask(BlockableEventLoop.java:142) [minecraft-merged-8b89a9540b-1.21.1-loom.mappings.1_21_1.layered+hash.2198-v2.jar:?]
	at knot/net.minecraft.util.thread.ReentrantBlockableEventLoop.doRunTask(ReentrantBlockableEventLoop.java:24) [minecraft-merged-8b89a9540b-1.21.1-loom.mappings.1_21_1.layered+hash.2198-v2.jar:?]
	at knot/net.minecraft.util.thread.BlockableEventLoop.pollTask(BlockableEventLoop.java:116) [minecraft-merged-8b89a9540b-1.21.1-loom.mappings.1_21_1.layered+hash.2198-v2.jar:?]
	at knot/net.minecraft.util.thread.BlockableEventLoop.runAllTasks(BlockableEventLoop.java:105) [minecraft-merged-8b89a9540b-1.21.1-loom.mappings.1_21_1.layered+hash.2198-v2.jar:?]
	at knot/net.minecraft.client.Minecraft.runTick(Minecraft.java:1128) [minecraft-merged-8b89a9540b-1.21.1-loom.mappings.1_21_1.layered+hash.2198-v2.jar:?]
	at knot/net.minecraft.client.Minecraft.run(Minecraft.java:791) [minecraft-merged-8b89a9540b-1.21.1-loom.mappings.1_21_1.layered+hash.2198-v2.jar:?]
	at knot/net.minecraft.client.main.Main.main(Main.java:227) [minecraft-merged-8b89a9540b-1.21.1-loom.mappings.1_21_1.layered+hash.2198-v2.jar:?]
	at net.fabricmc.loader.impl.game.minecraft.MinecraftGameProvider.launch(MinecraftGameProvider.java:480) [fabric-loader-0.16.12.jar:?]
	at net.fabricmc.loader.impl.launch.knot.Knot.launch(Knot.java:74) [fabric-loader-0.16.12.jar:?]
	at net.fabricmc.loader.impl.launch.knot.KnotClient.main(KnotClient.java:23) [fabric-loader-0.16.12.jar:?]
	at net.fabricmc.devlaunchinjector.Main.main(Main.java:86) [dev-launch-injector-0.2.1+build.8.jar:?]
Caused by: com.mojang.brigadier.exceptions.CommandSyntaxException: Unknown item 'notreepunching:flint_knife' at position 0: <--[HERE]
[17:58:54] [Render thread/WARN] (Lavender) Could not load entry 'valor_core:game_mechanics/currency'
com.google.gson.JsonSyntaxException: Invalid item stack: 'numismatic-overhaul:gold_coin'
	at knot/io.wispforest.lavender.book.BookContentLoader.itemStackFromString(BookContentLoader.java:290) ~[lavender-0.1.15+1.21.jar:?]
	at knot/io.wispforest.lavender.book.BookContentLoader.getIcon(BookContentLoader.java:251) ~[lavender-0.1.15+1.21.jar:?]
	at knot/io.wispforest.lavender.book.BookContentLoader.lambda$reloadContents$1(BookContentLoader.java:100) ~[lavender-0.1.15+1.21.jar:?]
	at knot/io.wispforest.lavender.book.BookContentLoader.lambda$forResourceOfBook$6(BookContentLoader.java:186) ~[lavender-0.1.15+1.21.jar:?]
	at java.base/java.util.HashMap.forEach(HashMap.java:1429) ~[?:?]
	at knot/io.wispforest.lavender.book.BookContentLoader.forResourceOfBook(BookContentLoader.java:184) ~[lavender-0.1.15+1.21.jar:?]
	at knot/io.wispforest.lavender.book.BookContentLoader.reloadContents(BookContentLoader.java:84) ~[lavender-0.1.15+1.21.jar:?]
	at knot/io.wispforest.lavender.client.LavenderClient.lambda$onInitializeClient$2(LavenderClient.java:70) ~[lavender-0.1.15+1.21.jar:?]
	at knot/net.fabricmc.fabric.api.client.networking.v1.ClientPlayConnectionEvents.lambda$static$2(ClientPlayConnectionEvents.java:50) ~[fabric-networking-api-v1-4.3.0+c7469b2119.jar:?]
	at knot/net.fabricmc.fabric.impl.networking.client.ClientPlayNetworkAddon.onServerReady(ClientPlayNetworkAddon.java:60) ~[fabric-networking-api-v1-4.3.0+c7469b2119.jar:?]
	at knot/net.minecraft.client.multiplayer.ClientPacketListener.handler$bea000$fabric-networking-api-v1$handleServerPlayReady(ClientPacketListener.java:3145) ~[minecraft-merged-8b89a9540b-1.21.1-loom.mappings.1_21_1.layered+hash.2198-v2.jar:?]
	at knot/net.minecraft.client.multiplayer.ClientPacketListener.handleLogin(ClientPacketListener.java:458) ~[minecraft-merged-8b89a9540b-1.21.1-loom.mappings.1_21_1.layered+hash.2198-v2.jar:?]
	at knot/net.minecraft.network.protocol.game.ClientboundLoginPacket.handle(ClientboundLoginPacket.java:67) ~[minecraft-merged-8b89a9540b-1.21.1-loom.mappings.1_21_1.layered+hash.2198-v2.jar:?]
	at knot/net.minecraft.network.protocol.game.ClientboundLoginPacket.handle(ClientboundLoginPacket.java) ~[minecraft-merged-8b89a9540b-1.21.1-loom.mappings.1_21_1.layered+hash.2198-v2.jar:?]
	at knot/net.minecraft.network.protocol.PacketUtils.method_11072(PacketUtils.java:27) ~[minecraft-merged-8b89a9540b-1.21.1-loom.mappings.1_21_1.layered+hash.2198-v2.jar:?]
	at knot/net.minecraft.util.thread.BlockableEventLoop.doRunTask(BlockableEventLoop.java:142) [minecraft-merged-8b89a9540b-1.21.1-loom.mappings.1_21_1.layered+hash.2198-v2.jar:?]
	at knot/net.minecraft.util.thread.ReentrantBlockableEventLoop.doRunTask(ReentrantBlockableEventLoop.java:24) [minecraft-merged-8b89a9540b-1.21.1-loom.mappings.1_21_1.layered+hash.2198-v2.jar:?]
	at knot/net.minecraft.util.thread.BlockableEventLoop.pollTask(BlockableEventLoop.java:116) [minecraft-merged-8b89a9540b-1.21.1-loom.mappings.1_21_1.layered+hash.2198-v2.jar:?]
	at knot/net.minecraft.util.thread.BlockableEventLoop.runAllTasks(BlockableEventLoop.java:105) [minecraft-merged-8b89a9540b-1.21.1-loom.mappings.1_21_1.layered+hash.2198-v2.jar:?]
	at knot/net.minecraft.client.Minecraft.runTick(Minecraft.java:1128) [minecraft-merged-8b89a9540b-1.21.1-loom.mappings.1_21_1.layered+hash.2198-v2.jar:?]
	at knot/net.minecraft.client.Minecraft.run(Minecraft.java:791) [minecraft-merged-8b89a9540b-1.21.1-loom.mappings.1_21_1.layered+hash.2198-v2.jar:?]
	at knot/net.minecraft.client.main.Main.main(Main.java:227) [minecraft-merged-8b89a9540b-1.21.1-loom.mappings.1_21_1.layered+hash.2198-v2.jar:?]
	at net.fabricmc.loader.impl.game.minecraft.MinecraftGameProvider.launch(MinecraftGameProvider.java:480) [fabric-loader-0.16.12.jar:?]
	at net.fabricmc.loader.impl.launch.knot.Knot.launch(Knot.java:74) [fabric-loader-0.16.12.jar:?]
	at net.fabricmc.loader.impl.launch.knot.KnotClient.main(KnotClient.java:23) [fabric-loader-0.16.12.jar:?]
	at net.fabricmc.devlaunchinjector.Main.main(Main.java:86) [dev-launch-injector-0.2.1+build.8.jar:?]
Caused by: com.mojang.brigadier.exceptions.CommandSyntaxException: Unknown item 'numismatic-overhaul:gold_coin' at position 0: <--[HERE]
[17:58:54] [Render thread/INFO] (Minecraft) Loaded 2 advancements
